Построение начато 24.08.2017 21:20:34.
     1>Проект "D:\Projects\Warships_5\Warships_5\Warships_5.vcxproj" в узле 2 (целевые объекты build).
     1>InitializeBuildStatus:
         Обращение к "Debug\Warships_5.unsuccessfulbuild".
       ClCompile:
         Для всех выходных данных обновления не требуется.
       ManifestResourceCompile:
         Для всех выходных данных обновления не требуется.
       Link:
         C:\Program Files (x86)\Microsoft Visual Studio 10.0\VC\bin\link.exe /ERRORREPORT:PROMPT /OUT:"D:\Projects\Warships_5\Debug\Warships_5.exe" /INCREMENTAL /NOLOGO kernel32.lib user32.lib gdi32.lib winspool.lib comdlg32.lib advapi32.lib shell32.lib ole32.lib oleaut32.lib uuid.lib odbc32.lib odbccp32.lib /MANIFEST /ManifestFile:"Debug\Warships_5.exe.intermediate.manifest" /MANIFESTUAC:"level='asInvoker' uiAccess='false'" /DEBUG /PDB:"D:\Projects\Warships_5\Debug\Warships_5.pdb" /SUBSYSTEM:CONSOLE /TLBID:1 /DYNAMICBASE /NXCOMPAT /IMPLIB:"D:\Projects\Warships_5\Debug\Warships_5.lib" /MACHINE:X86 Debug\Warships_5.exe.embed.manifest.res
         Debug\main.obj
       Manifest:
         C:\Program Files (x86)\Microsoft SDKs\Windows\v7.0A\bin\mt.exe /nologo /verbose /out:"Debug\Warships_5.exe.embed.manifest" /manifest Debug\Warships_5.exe.intermediate.manifest
         Для всех выходных данных обновления не требуется.
       LinkEmbedManifest:
         Для всех выходных данных обновления не требуется.
         Warships_5.vcxproj -> D:\Projects\Warships_5\Debug\Warships_5.exe
       FinalizeBuildStatus:
         Файл "Debug\Warships_5.unsuccessfulbuild" удаляется.
         Обращение к "Debug\Warships_5.lastbuildstate".
     1>Построение проекта "D:\Projects\Warships_5\Warships_5\Warships_5.vcxproj" завершено (целевые объекты build).

Построение успешно завершено.

Затраченное время: 00:00:00.60
